[Fri Jun 19 19:54:35 +04 2026] Guard-Agent: Initiating Security Scan...
[Fri Jun 19 19:54:35 +04 2026] Guard-Agent: Scan Complete.
[Fri Jun 19 19:54:35 +04 2026] Guard-Agent: Initiating Security Scan...
[Fri Jun 19 19:54:35 +04 2026] Guard-Agent: Scan Complete.
[Fri Jun 19 19:54:35 +04 2026] Guard-Agent: Initiating Security Scan...
[Fri Jun 19 19:54:35 +04 2026] Guard-Agent: Scan Complete.
[Fri Jun 19 19:54:35 +04 2026] Guard-Agent: Initiating Security Scan...
[Fri Jun 19 19:54:35 +04 2026] Guard-Agent: Scan Complete.
[Fri Jun 19 19:54:35 +04 2026] Guard-Agent: Initiating Security Scan...
[Fri Jun 19 19:54:35 +04 2026] Guard-Agent: Scan Complete.
[Fri Jun 19 19:54:35 +04 2026] Guard-Agent: Initiating Security Scan...
Jun 19 21:12:54 DESKTOP-HKAOTBA kernel: RAS: Correctable Errors collector initialized.
Jun 19 21:12:55 DESKTOP-HKAOTBA systemd[1]: apport-autoreport.path - Process error reports when automatic reporting is enabled (file watch) was skipped because of an unmet condition check (ConditionPathExists=/var/lib/apport/autoreport).
Jun 19 21:12:55 DESKTOP-HKAOTBA systemd[1]: apport-autoreport.timer - Process error reports when automatic reporting is enabled (timer based) was skipped because of an unmet condition check (ConditionPathExists=/var/lib/apport/autoreport).
Jun 19 21:13:37 DESKTOP-HKAOTBA unknown: WSL (138) ERROR: CheckConnection: getaddrinfo() failed: -5
[Fri Jun 19 19:54:35 +04 2026] Guard-Agent: Scan Complete.
[Fri Jun 19 19:54:35 +04 2026] Guard-Agent: Initiating Security Scan...
Jun 19 21:25:11 DESKTOP-HKAOTBA kernel: RAS: Correctable Errors collector initialized.
Jun 19 21:25:12 DESKTOP-HKAOTBA systemd[1]: apport-autoreport.path - Process error reports when automatic reporting is enabled (file watch) was skipped because of an unmet condition check (ConditionPathExists=/var/lib/apport/autoreport).
Jun 19 21:25:12 DESKTOP-HKAOTBA systemd[1]: apport-autoreport.timer - Process error reports when automatic reporting is enabled (timer based) was skipped because of an unmet condition check (ConditionPathExists=/var/lib/apport/autoreport).
Jun 19 21:25:54 DESKTOP-HKAOTBA unknown: WSL (139) ERROR: CheckConnection: getaddrinfo() failed: -5
[Fri Jun 19 19:54:35 +04 2026] Guard-Agent: Scan Complete.
[Fri Jun 19 19:54:35 +04 2026] Guard-Agent: Initiating Security Scan...
Jun 19 21:36:19 DESKTOP-HKAOTBA kernel: RAS: Correctable Errors collector initialized.
Jun 19 21:36:19 DESKTOP-HKAOTBA unknown: WSL (139) ERROR: CheckConnection: getaddrinfo() failed: -5
Jun 19 21:36:20 DESKTOP-HKAOTBA systemd[1]: apport-autoreport.path - Process error reports when automatic reporting is enabled (file watch) was skipped because of an unmet condition check (ConditionPathExists=/var/lib/apport/autoreport).
Jun 19 21:36:20 DESKTOP-HKAOTBA systemd[1]: apport-autoreport.timer - Process error reports when automatic reporting is enabled (timer based) was skipped because of an unmet condition check (ConditionPathExists=/var/lib/apport/autoreport).
[Fri Jun 19 19:54:35 +04 2026] Guard-Agent: Scan Complete.
[Fri Jun 19 19:54:35 +04 2026] Guard-Agent: Initiating Security Scan...
Jun 19 21:45:19 DESKTOP-HKAOTBA kernel: RAS: Correctable Errors collector initialized.
Jun 19 21:45:19 DESKTOP-HKAOTBA unknown: WSL (139) ERROR: CheckConnection: getaddrinfo() failed: -5
Jun 19 21:45:20 DESKTOP-HKAOTBA systemd[1]: apport-autoreport.path - Process error reports when automatic reporting is enabled (file watch) was skipped because of an unmet condition check (ConditionPathExists=/var/lib/apport/autoreport).
Jun 19 21:45:20 DESKTOP-HKAOTBA systemd[1]: apport-autoreport.timer - Process error reports when automatic reporting is enabled (timer based) was skipped because of an unmet condition check (ConditionPathExists=/var/lib/apport/autoreport).
[Fri Jun 19 19:54:35 +04 2026] Guard-Agent: Scan Complete.
[Fri Jun 19 19:54:35 +04 2026] Guard-Agent: Initiating Security Scan...
[Fri Jun 19 19:54:35 +04 2026] Guard-Agent: Scan Complete.
[Fri Jun 19 19:54:35 +04 2026] Guard-Agent: Initiating Security Scan...
[Fri Jun 19 19:54:35 +04 2026] Guard-Agent: Scan Complete.
[Fri Jun 19 19:54:35 +04 2026] Guard-Agent: Initiating Security Scan...
[Fri Jun 19 19:54:35 +04 2026] Guard-Agent: Scan Complete.
[Fri Jun 19 19:54:35 +04 2026] Guard-Agent: Initiating Security Scan...
[Fri Jun 19 19:54:35 +04 2026] Guard-Agent: Scan Complete.
[Fri Jun 19 19:54:35 +04 2026] Guard-Agent: Initiating Security Scan...
[Fri Jun 19 19:54:35 +04 2026] Guard-Agent: Scan Complete.
[Fri Jun 19 19:54:35 +04 2026] Guard-Agent: Initiating Security Scan...
Jun 19 22:43:57 DESKTOP-HKAOTBA kernel: RAS: Correctable Errors collector initialized.
Jun 19 22:43:57 DESKTOP-HKAOTBA unknown: WSL (139) ERROR: CheckConnection: getaddrinfo() failed: -5
Jun 19 22:43:58 DESKTOP-HKAOTBA systemd[1]: apport-autoreport.path - Process error reports when automatic reporting is enabled (file watch) was skipped because of an unmet condition check (ConditionPathExists=/var/lib/apport/autoreport).
Jun 19 22:43:58 DESKTOP-HKAOTBA systemd[1]: apport-autoreport.timer - Process error reports when automatic reporting is enabled (timer based) was skipped because of an unmet condition check (ConditionPathExists=/var/lib/apport/autoreport).
[Fri Jun 19 19:54:35 +04 2026] Guard-Agent: Scan Complete.
[Fri Jun 19 19:54:35 +04 2026] Guard-Agent: Initiating Security Scan...
Jun 19 23:26:40 DESKTOP-HKAOTBA kernel: RAS: Correctable Errors collector initialized.
Jun 19 23:26:40 DESKTOP-HKAOTBA unknown: WSL (138) ERROR: CheckConnection: getaddrinfo() failed: -5
Jun 19 23:26:40 DESKTOP-HKAOTBA systemd[1]: apport-autoreport.path - Process error reports when automatic reporting is enabled (file watch) was skipped because of an unmet condition check (ConditionPathExists=/var/lib/apport/autoreport).
Jun 19 23:26:40 DESKTOP-HKAOTBA systemd[1]: apport-autoreport.timer - Process error reports when automatic reporting is enabled (timer based) was skipped because of an unmet condition check (ConditionPathExists=/var/lib/apport/autoreport).
[Fri Jun 19 19:54:35 +04 2026] Guard-Agent: Scan Complete.
[Fri Jun 19 19:54:35 +04 2026] Guard-Agent: Initiating Security Scan...
[Fri Jun 19 19:54:35 +04 2026] Guard-Agent: Scan Complete.
[Fri Jun 19 19:54:35 +04 2026] Guard-Agent: Initiating Security Scan...
[Fri Jun 19 19:54:35 +04 2026] Guard-Agent: Scan Complete.
[Fri Jun 19 19:54:35 +04 2026] Guard-Agent: Initiating Security Scan...
[Fri Jun 19 19:54:35 +04 2026] Guard-Agent: Scan Complete.
[Fri Jun 19 19:54:35 +04 2026] Guard-Agent: Initiating Security Scan...
[Fri Jun 19 19:54:35 +04 2026] Guard-Agent: Scan Complete.
[Fri Jun 19 19:54:35 +04 2026] Guard-Agent: Initiating Security Scan...
Jun 20 00:17:34 DESKTOP-HKAOTBA unknown: WSL (138) ERROR: CheckConnection: getaddrinfo() failed: -5
[Fri Jun 19 19:54:35 +04 2026] Guard-Agent: Scan Complete.
[Fri Jun 19 19:54:35 +04 2026] Guard-Agent: Initiating Security Scan...
[Fri Jun 19 19:54:35 +04 2026] Guard-Agent: Scan Complete.
[Fri Jun 19 19:54:35 +04 2026] Guard-Agent: Initiating Security Scan...
[Fri Jun 19 19:54:35 +04 2026] Guard-Agent: Scan Complete.
[Fri Jun 19 19:54:35 +04 2026] Guard-Agent: Initiating Security Scan...
[Fri Jun 19 19:54:35 +04 2026] Guard-Agent: Scan Complete.
[Fri Jun 19 19:54:35 +04 2026] Guard-Agent: Initiating Security Scan...
[Fri Jun 19 19:54:35 +04 2026] Guard-Agent: Scan Complete.
[Fri Jun 19 19:54:35 +04 2026] Guard-Agent: Initiating Security Scan...
[Fri Jun 19 19:54:35 +04 2026] Guard-Agent: Scan Complete.
[Fri Jun 19 19:54:35 +04 2026] Guard-Agent: Initiating Security Scan...
[Fri Jun 19 19:54:35 +04 2026] Guard-Agent: Scan Complete.
[Fri Jun 19 19:54:35 +04 2026] Guard-Agent: Initiating Security Scan...
[Fri Jun 19 19:54:35 +04 2026] Guard-Agent: Scan Complete.
[Fri Jun 19 19:54:35 +04 2026] Guard-Agent: Initiating Security Scan...
[Fri Jun 19 19:54:35 +04 2026] Guard-Agent: Scan Complete.
[Fri Jun 19 19:54:35 +04 2026] Guard-Agent: Initiating Security Scan...
[Fri Jun 19 19:54:35 +04 2026] Guard-Agent: Scan Complete.
[Fri Jun 19 19:54:35 +04 2026] Guard-Agent: Initiating Security Scan...
[Fri Jun 19 19:54:35 +04 2026] Guard-Agent: Scan Complete.
[Fri Jun 19 19:54:35 +04 2026] Guard-Agent: Initiating Security Scan...
[Fri Jun 19 19:54:35 +04 2026] Guard-Agent: Scan Complete.
[Fri Jun 19 19:54:35 +04 2026] Guard-Agent: Initiating Security Scan...
[Fri Jun 19 19:54:35 +04 2026] Guard-Agent: Scan Complete.
[Fri Jun 19 19:54:35 +04 2026] Guard-Agent: Initiating Security Scan...
[Fri Jun 19 19:54:35 +04 2026] Guard-Agent: Scan Complete.
[Fri Jun 19 19:54:35 +04 2026] Guard-Agent: Initiating Security Scan...
[Fri Jun 19 19:54:35 +04 2026] Guard-Agent: Scan Complete.
[Fri Jun 19 19:54:35 +04 2026] Guard-Agent: Initiating Security Scan...
[Fri Jun 19 19:54:35 +04 2026] Guard-Agent: Scan Complete.
[Fri Jun 19 19:54:35 +04 2026] Guard-Agent: Initiating Security Scan...
[Fri Jun 19 19:54:35 +04 2026] Guard-Agent: Scan Complete.
[Fri Jun 19 19:54:35 +04 2026] Guard-Agent: Initiating Security Scan...
[Fri Jun 19 19:54:35 +04 2026] Guard-Agent: Scan Complete.
[Fri Jun 19 19:54:35 +04 2026] Guard-Agent: Initiating Security Scan...
[Fri Jun 19 19:54:35 +04 2026] Guard-Agent: Scan Complete.
[Fri Jun 19 19:54:35 +04 2026] Guard-Agent: Initiating Security Scan...
[Fri Jun 19 19:54:35 +04 2026] Guard-Agent: Scan Complete.
[Fri Jun 19 19:54:35 +04 2026] Guard-Agent: Initiating Security Scan...
[Fri Jun 19 19:54:35 +04 2026] Guard-Agent: Scan Complete.
[Fri Jun 19 19:54:35 +04 2026] Guard-Agent: Initiating Security Scan...
Jun 20 03:45:39 DESKTOP-HKAOTBA unknown: WSL (1 - init()) ERROR: InitEntryUtilityVm:2555: Init has exited. Terminating distribution
[Fri Jun 19 19:54:35 +04 2026] Guard-Agent: Scan Complete.
[Fri Jun 19 19:54:35 +04 2026] Guard-Agent: Initiating Security Scan...
[Fri Jun 19 19:54:35 +04 2026] Guard-Agent: Scan Complete.
[Fri Jun 19 19:54:35 +04 2026] Guard-Agent: Initiating Security Scan...
Jun 20 17:28:20 DESKTOP-HKAOTBA kernel: RAS: Correctable Errors collector initialized.
Jun 20 17:28:20 DESKTOP-HKAOTBA unknown: WSL (137) ERROR: CheckConnection: getaddrinfo() failed: -5
Jun 20 17:28:20 DESKTOP-HKAOTBA unknown: WSL (1 - init()) ERROR: InitEntryUtilityVm:2555: Init has exited. Terminating distribution
Jun 20 17:28:21 DESKTOP-HKAOTBA systemd[1]: apport-autoreport.path - Process error reports when automatic reporting is enabled (file watch) was skipped because of an unmet condition check (ConditionPathExists=/var/lib/apport/autoreport).
Jun 20 17:28:21 DESKTOP-HKAOTBA systemd[1]: apport-autoreport.timer - Process error reports when automatic reporting is enabled (timer based) was skipped because of an unmet condition check (ConditionPathExists=/var/lib/apport/autoreport).
[Fri Jun 19 19:54:35 +04 2026] Guard-Agent: Scan Complete.
[Fri Jun 19 19:54:35 +04 2026] Guard-Agent: Initiating Security Scan...
[Fri Jun 19 19:54:35 +04 2026] Guard-Agent: Scan Complete.
[Fri Jun 19 19:54:35 +04 2026] Guard-Agent: Initiating Security Scan...
[Fri Jun 19 19:54:35 +04 2026] Guard-Agent: Scan Complete.
[Fri Jun 19 19:54:35 +04 2026] Guard-Agent: Initiating Security Scan...
[Fri Jun 19 19:54:35 +04 2026] Guard-Agent: Scan Complete.
[Fri Jun 19 19:54:35 +04 2026] Guard-Agent: Initiating Security Scan...
[Fri Jun 19 19:54:35 +04 2026] Guard-Agent: Scan Complete.
[Fri Jun 19 19:54:35 +04 2026] Guard-Agent: Initiating Security Scan...
[Fri Jun 19 19:54:35 +04 2026] Guard-Agent: Scan Complete.
[Fri Jun 19 19:54:35 +04 2026] Guard-Agent: Initiating Security Scan...
[Fri Jun 19 19:54:35 +04 2026] Guard-Agent: Scan Complete.
[Fri Jun 19 19:54:35 +04 2026] Guard-Agent: Initiating Security Scan...
[Fri Jun 19 19:54:35 +04 2026] Guard-Agent: Scan Complete.
[Fri Jun 19 19:54:35 +04 2026] Guard-Agent: Initiating Security Scan...
[Fri Jun 19 19:54:35 +04 2026] Guard-Agent: Scan Complete.
[Fri Jun 19 19:54:35 +04 2026] Guard-Agent: Initiating Security Scan...
[Fri Jun 19 19:54:35 +04 2026] Guard-Agent: Scan Complete.
[Fri Jun 19 19:54:35 +04 2026] Guard-Agent: Initiating Security Scan...
[Fri Jun 19 19:54:35 +04 2026] Guard-Agent: Scan Complete.
[Fri Jun 19 19:54:35 +04 2026] Guard-Agent: Initiating Security Scan...
[Fri Jun 19 19:54:35 +04 2026] Guard-Agent: Scan Complete.
[Fri Jun 19 19:54:35 +04 2026] Guard-Agent: Initiating Security Scan...
[Fri Jun 19 19:54:35 +04 2026] Guard-Agent: Scan Complete.
[Fri Jun 19 19:54:35 +04 2026] Guard-Agent: Initiating Security Scan...
[Fri Jun 19 19:54:35 +04 2026] Guard-Agent: Scan Complete.
[Fri Jun 19 19:54:35 +04 2026] Guard-Agent: Initiating Security Scan...
Jun 20 19:55:14 DESKTOP-HKAOTBA unknown: WSL (137) ERROR: CheckConnection: getaddrinfo() failed: -3
[Fri Jun 19 19:54:35 +04 2026] Guard-Agent: Scan Complete.
[Fri Jun 19 19:54:35 +04 2026] Guard-Agent: Initiating Security Scan...
[Fri Jun 19 19:54:35 +04 2026] Guard-Agent: Scan Complete.
[Fri Jun 19 19:54:35 +04 2026] Guard-Agent: Initiating Security Scan...
[Fri Jun 19 19:54:35 +04 2026] Guard-Agent: Scan Complete.
[Fri Jun 19 19:54:35 +04 2026] Guard-Agent: Initiating Security Scan...
[Fri Jun 19 19:54:35 +04 2026] Guard-Agent: Scan Complete.
[Fri Jun 19 19:54:35 +04 2026] Guard-Agent: Initiating Security Scan...
[Fri Jun 19 19:54:35 +04 2026] Guard-Agent: Scan Complete.
[Fri Jun 19 19:54:35 +04 2026] Guard-Agent: Initiating Security Scan...
[Fri Jun 19 19:54:35 +04 2026] Guard-Agent: Scan Complete.
